This is pdfTeX, Version 3.14159265-2.6-1.40.16 (TeX Live 2015) (preloaded format=latex 2015.10.12)  13 OCT 2015 15:49
entering extended mode
 restricted \write18 enabled.
 %&-line parsing enabled.
**\makeatletter\def\HCode{\futurelet\HCode\HChar}\def\HChar{\ifx"\HCode\def\HCo
de"##1"{\Link##1}\expandafter\HCode\else\expandafter\Link\fi}\def\Link#1.a.b.c.
{\g@addto@macro\@documentclasshook{\RequirePackage[#1,html]{tex4ht}}\let\HCode\
documentstyle\def\documentstyle{\let\documentstyle\HCode\expandafter\def\csname
 tex4ht\endcsname{#1,html}\def\HCode####1{\documentstyle[tex4ht,}\@ifnextchar[{
\HCode}{\documentstyle[tex4ht]}}}\makeatother\HCode ../stylesheets/style.tex,xh
tml,mathml,charset=utf-8.a.b.c.\input  top_quark.web.tex
(./top_quark.web.tex

! LaTeX Error: File `../stylesheets/header.tex' not found.

Type X to quit or <RETURN> to proceed,
or enter new name. (Default extension: tex)

Enter file name: 
! Emergency stop.
<read *> 
         
l.1 \input{../stylesheets/header.tex}
                                     ^^M
End of file on the terminal!

 
Here is how much of TeX's memory you used:
 10 strings out of 493055
 186 string characters out of 6134785
 53369 words of memory out of 5000000
 3631 multiletter control sequences out of 15000+600000
 3640 words of font info for 14 fonts, out of 8000000 for 9000
 1141 hyphenation exceptions out of 8191
 5i,0n,3p,564b,8s stack positions out of 5000i,500n,10000p,200000b,80000s
No pages of output.
